2024-12-11 12:10:17,916 - app - INFO - App is being executed
2024-12-11 12:23:13,154 - app - INFO - App is being executed
final_project/app.py
   import pymysql
   from flask import Flask

   app = Flask(__name__)

   @app.route('/')
   def home():
       return "Hello, Flask!"

   connection = pymysql.connect(
       host='localhost',
       user='Yetty',
       password='yetty123',
       database='my_flask_app'
   )

   try:
       with connection.cursor() as cursor:
           cursor.execute("SELECT VERSION()")
           result = cursor.fetchone()
           print("Database version:", result)
   finally:
       connection.close()2024-12-11 12:31:04,877 - app - INFO - App is being executed
2024-12-11 12:36:13,004 - app - INFO - App is being executed
2024-12-11 12:47:37,042 - app - INFO - App is being executed
2024-12-11 13:01:37,272 - app - INFO - App is being executed
2024-12-12 21:07:28,284 - app - INFO - App is being executed
2024-12-12 21:36:02,113 - app - INFO - App is being executed
2024-12-12 21:36:41,230 - __main__ - INFO - App is being executed
2024-12-12 21:36:41,403 - __main__ - INFO - App is being executed
2024-12-12 21:39:58,867 - __main__ - INFO - App is being executed
2024-12-12 21:42:02,634 - __main__ - INFO - App is being executed
2024-12-12 21:42:02,799 - __main__ - INFO - App is being executed
2024-12-12 21:44:25,962 - __main__ - INFO - App is being executed
2024-12-12 21:45:05,980 - __main__ - INFO - App is being executed
2024-12-12 21:45:06,148 - __main__ - INFO - App is being executed
2024-12-12 21:47:40,449 - __main__ - INFO - App is being executed
2024-12-12 21:49:37,453 - __main__ - INFO - App is being executed
2024-12-12 21:50:34,996 - __main__ - INFO - App is being executed
2024-12-12 21:51:22,556 - __main__ - INFO - App is being executed
2024-12-12 21:52:43,314 - __main__ - INFO - App is being executed
2024-12-12 21:53:28,843 - __main__ - INFO - App is being executed
2024-12-12 21:53:29,006 - __main__ - INFO - App is being executed
2024-12-13 11:51:50,634 - __main__ - INFO - App is being executed
2024-12-13 11:51:50,784 - __main__ - INFO - App is being executed
2024-12-13 12:12:39,102 - __main__ - INFO - App is being executed
2024-12-13 12:12:39,255 - __main__ - INFO - App is being executed
2024-12-13 12:27:18,209 - __main__ - INFO - App is being executed
2024-12-13 12:27:46,292 - __main__ - INFO - App is being executed
2024-12-13 12:27:47,526 - __main__ - INFO - App is being executed
2024-12-13 12:27:50,745 - __main__ - INFO - App is being executed
2024-12-13 12:29:51,320 - __main__ - INFO - App is being executed
2024-12-13 12:29:51,460 - __main__ - INFO - App is being executed
2024-12-13 12:30:37,955 - __main__ - INFO - App is being executed
2024-12-13 12:30:40,161 - __main__ - INFO - App is being executed
2024-12-13 12:31:03,408 - __main__ - INFO - App is being executed
2024-12-13 12:31:03,554 - __main__ - INFO - App is being executed
2024-12-13 12:31:45,176 - __main__ - INFO - App is being executed
2024-12-13 12:31:47,410 - __main__ - INFO - App is being executed
2024-12-13 12:32:14,263 - __main__ - INFO - App is being executed
2024-12-13 12:32:14,401 - __main__ - INFO - App is being executed
2024-12-13 12:33:52,611 - __main__ - INFO - App is being executed
2024-12-13 12:33:52,757 - __main__ - INFO - App is being executed
2024-12-13 13:53:00,284 - __main__ - INFO - App is being executed
2024-12-13 13:53:00,428 - __main__ - INFO - App is being executed
2024-12-13 14:04:59,865 - __main__ - INFO - App is being executed
2024-12-13 14:05:00,017 - __main__ - INFO - App is being executed
2024-12-13 14:05:24,371 - __main__ - INFO - App is being executed
2024-12-13 16:02:31,912 - __main__ - INFO - App is being executed
2024-12-13 16:06:22,343 - __main__ - INFO - App is being executed
2024-12-13 16:08:11,760 - __main__ - INFO - App is being executed
2024-12-13 16:08:11,912 - __main__ - INFO - App is being executed
2024-12-16 11:38:58,727 - __main__ - INFO - App is being executed
2024-12-16 11:38:58,886 - __main__ - INFO - App is being executed
2024-12-16 11:41:59,321 - __main__ - INFO - App is being executed
2024-12-16 11:43:03,743 - __main__ - INFO - App is being executed
2024-12-16 11:43:21,113 - __main__ - INFO - App is being executed
2024-12-16 11:43:26,340 - __main__ - INFO - App is being executed
2024-12-16 11:43:27,560 - __main__ - INFO - App is being executed
2024-12-16 11:43:35,354 - __main__ - INFO - App is being executed
2024-12-16 11:43:35,495 - __main__ - INFO - App is being executed
2024-12-16 11:45:48,675 - __main__ - INFO - App is being executed
2024-12-16 11:45:48,812 - __main__ - INFO - App is being executed
2024-12-16 11:48:01,623 - __main__ - INFO - App is being executed
2024-12-16 11:48:02,248 - __main__ - INFO - App is being executed
2024-12-16 11:48:04,426 - __main__ - INFO - App is being executed
2024-12-16 11:48:04,844 - __main__ - INFO - App is being executed
2024-12-16 11:48:32,738 - __main__ - INFO - App is being executed
2024-12-16 11:48:32,876 - __main__ - INFO - App is being executed
2024-12-16 12:12:12,201 - __main__ - INFO - App is being executed
2024-12-16 12:12:12,498 - __main__ - INFO - App is being executed
2024-12-16 12:12:14,403 - __main__ - INFO - App is being executed
2024-12-16 12:12:14,707 - __main__ - INFO - App is being executed
2024-12-16 12:12:26,717 - __main__ - INFO - App is being executed
2024-12-16 12:12:27,001 - __main__ - INFO - App is being executed
2024-12-16 12:12:28,906 - __main__ - INFO - App is being executed
2024-12-16 12:12:29,208 - __main__ - INFO - App is being executed
2024-12-16 12:12:44,232 - __main__ - INFO - App is being executed
2024-12-16 12:12:44,496 - __main__ - INFO - App is being executed
2024-12-16 12:12:46,678 - __main__ - INFO - App is being executed
2024-12-16 12:12:47,451 - __main__ - INFO - App is being executed
2024-12-16 12:12:58,307 - __main__ - INFO - App is being executed
2024-12-16 12:12:58,444 - __main__ - INFO - App is being executed
2024-12-16 12:15:12,614 - __main__ - INFO - App is being executed
2024-12-16 12:15:34,570 - __main__ - INFO - App is being executed
2024-12-16 12:19:55,766 - __main__ - INFO - App is being executed
2024-12-16 12:20:14,133 - __main__ - INFO - App is being executed
2024-12-16 12:20:14,269 - __main__ - INFO - App is being executed
2024-12-16 12:21:16,016 - __main__ - INFO - App is being executed
2024-12-16 12:21:19,222 - __main__ - INFO - App is being executed
2024-12-16 12:22:02,795 - __main__ - INFO - App is being executed
2024-12-16 16:35:38,858 - app - INFO - App is being executed
2024-12-16 16:36:59,358 - __main__ - INFO - App is being executed
2024-12-16 16:37:16,493 - __main__ - INFO - App is being executed
2024-12-16 16:37:34,445 - app - INFO - App is being executed
2024-12-16 16:37:45,569 - app - ERROR - Exception on /display [GET]
Traceback (most recent call last):
  File "/Users/rebeccaomer/Desktop/Yetty/github project/Python+Flask+MySQL/final_project/app.py", line 83, in display
    cursor = connection.cursor(dictionary=True)
TypeError: Connection.cursor() got an unexpected keyword argument 'dictionary'

During handling of the above exception, another exception occurred:

Traceback (most recent call last):
  File "/Library/Frameworks/Python.framework/Versions/3.13/lib/python3.13/site-packages/flask/app.py", line 1511, in wsgi_app
    response = self.full_dispatch_request()
  File "/Library/Frameworks/Python.framework/Versions/3.13/lib/python3.13/site-packages/flask/app.py", line 919, in full_dispatch_request
    rv = self.handle_user_exception(e)
  File "/Library/Frameworks/Python.framework/Versions/3.13/lib/python3.13/site-packages/flask/app.py", line 917, in full_dispatch_request
    rv = self.dispatch_request()
  File "/Library/Frameworks/Python.framework/Versions/3.13/lib/python3.13/site-packages/flask/app.py", line 902, in dispatch_request
    return self.ensure_sync(self.view_functions[rule.endpoint])(**view_args)  # type: ignore[no-any-return]
           ~~~~~~~~~~~~~~~~~~~~~~~~~~~~~~~~~~~~~~~~~~~~~~~~~~~~^^^^^^^^^^^^^
  File "/Users/rebeccaomer/Desktop/Yetty/github project/Python+Flask+MySQL/final_project/app.py", line 88, in display
    cursor.close()
    ^^^^^^
UnboundLocalError: cannot access local variable 'cursor' where it is not associated with a value
2024-12-16 16:53:54,089 - __main__ - INFO - App is being executed
2024-12-16 16:53:54,233 - __main__ - INFO - App is being executed
2024-12-16 16:54:33,850 - __main__ - INFO - App is being executed
2024-12-16 16:54:50,773 - __main__ - INFO - App is being executed
2024-12-16 16:54:50,918 - __main__ - INFO - App is being executed
2024-12-16 16:55:55,645 - app - INFO - App is being executed
2024-12-16 16:56:07,664 - __main__ - INFO - App is being executed
2024-12-16 16:56:42,227 - __main__ - INFO - App is being executed
2024-12-16 16:56:51,142 - __main__ - INFO - App is being executed
2024-12-16 17:33:43,532 - __main__ - INFO - App is being executed
2024-12-16 17:35:58,754 - __main__ - INFO - App is being executed
2024-12-16 17:36:33,699 - __main__ - INFO - App is being executed
2024-12-16 17:39:29,140 - __main__ - INFO - App is being executed
2024-12-16 17:40:47,630 - __main__ - INFO - App is being executed
2024-12-16 18:29:08,853 - __main__ - INFO - App is being executed
2024-12-16 18:35:25,939 - __main__ - INFO - App is being executed
2024-12-16 18:43:09,263 - __main__ - INFO - App is being executed
2024-12-16 18:51:27,045 - __main__ - INFO - App is being executed
2024-12-17 05:59:37,332 - __main__ - INFO - App is being executed
2024-12-17 06:05:46,322 - __main__ - INFO - App is being executed
2024-12-17 06:14:13,737 - __main__ - INFO - App is being executed
2024-12-17 06:20:56,400 - __main__ - INFO - App is being executed
2024-12-17 06:22:11,832 - __main__ - INFO - App is being executed
2024-12-17 06:23:39,067 - __main__ - INFO - App is being executed
2024-12-17 06:27:00,190 - __main__ - INFO - App is being executed
2024-12-17 06:31:24,601 - __main__ - INFO - App is being executed
2024-12-17 06:38:56,655 - __main__ - INFO - App is being executed
2024-12-17 06:45:24,783 - __main__ - INFO - App is being executed
2024-12-17 09:40:44,452 - __main__ - INFO - App is being executed
2024-12-17 09:46:24,351 - __main__ - INFO - App is being executed
2024-12-17 09:48:13,700 - __main__ - INFO - App is being executed
2024-12-17 17:50:35,228 - __main__ - INFO - App is being executed
2024-12-17 19:50:38,266 - __main__ - INFO - App is being executed
2024-12-18 14:29:43,358 - __main__ - INFO - App is being executed
2024-12-18 14:31:29,953 - __main__ - INFO - App is being executed
2024-12-18 14:34:06,448 - __main__ - INFO - App is being executed
2024-12-18 14:35:10,194 - __main__ - INFO - App is being executed
2024-12-18 14:39:27,468 - __main__ - INFO - App is being executed
2024-12-18 14:45:58,230 - __main__ - INFO - App is being executed
2024-12-18 14:46:42,775 - __main__ - INFO - App is being executed
2024-12-18 14:54:03,103 - __main__ - INFO - App is being executed
2024-12-18 14:54:19,918 - __main__ - INFO - App is being executed
2024-12-18 14:57:10,706 - __main__ - INFO - App is being executed
